Arguments: 
  C:\Users\46723\Desktop\FxServer\FXServer.exe C:\Users\46723\Desktop\txData\ESXLegacy_F719A9.base\resources\[cfx-default]\[system]\[builders]\yarn\yarn_cli.js install --ignore-scripts --cache-folder C:\Users\46723\Desktop\txData\ESXLegacy_F719A9.base\cache\yarn-cache --mutex file:C:\Users\46723\Desktop\txData\ESXLegacy_F719A9.base\cache\yarn-mutex

PATH: 
  C:\Python311\Scripts\;C:\Python311\;C:\Windows\system32;C:\Windows;C:\Windows\System32\Wbem;C:\Windows\System32\WindowsPowerShell\v1.0\;C:\Windows\System32\OpenSSH\;C:\Program Files\dotnet\;C:\Program Files\Git\cmd;C:\Program Files\nodejs\;C:\ProgramData\chocolatey\bin;C:\Users\46723\.cargo\bin;C:\Users\46723\AppData\Local\Microsoft\WindowsApps;C:\Users\46723\.dotnet\tools;C:\Users\46723\AppData\Local\Programs\Microsoft VS Code\bin;C:\Users\46723\AppData\Roaming\npm

Yarn version: 
  1.22.5

Node version: 
  16.9.1

Platform: 
  win32 x64

Trace: 
  Error: EPERM: operation not permitted, unlink 'C:\Users\46723\Desktop\txData\ESXLegacy_F719A9.base\resources\[esx_addons]\leo-queue\node_modules\esbuild-windows-64\esbuild.exe'

npm manifest: 
  {
    "name": "fivem-ts-boilerplate",
    "version": "2.0.0",
    "description": "A boilerplate for TypeScript in FiveM",
    "main": "index.js",
    "scripts": {
      "build": "npm run clearbuild && npm run typecheck && node build/build-bundle.js",
      "clearbuild": "rimraf ./dist",
      "typecheck": "tsc --noEmit -p client/tsconfig.json && tsc --noEmit -p server/tsconfig.json",
      "watch": "npm run clearbuild && cross-env IS_WATCH_MODE=1 node build/build-bundle.js"
    },
    "author": "Project Error",
    "license": "MIT",
    "devDependencies": {
      "@citizenfx/client": "^2.0.6063-1",
      "@citizenfx/server": "^2.0.6063-1",
      "@types/node": "^16.18.3",
      "cross-env": "^7.0.3",
      "esbuild": "^0.15.15",
      "rimraf": "^3.0.2",
      "typescript": "^4.9.3"
    }
  }

yarn manifest: 
  No manifest

Lockfile: 
  # THIS IS AN AUTOGENERATED FILE. DO NOT EDIT THIS FILE DIRECTLY.
  # yarn lockfile v1
  
  
  "@citizenfx/client@^2.0.6063-1":
    version "2.0.6063-1"
    resolved "https://registry.npmjs.org/@citizenfx/client/-/client-2.0.6063-1.tgz"
    integrity sha512-GoorPVQ7M9OhEP/QarknzaTo/bGTWzakA3nBsOloXaGz1avkdwkrCAdaECdrO/0RaPCOPHKnUn98P+q2ODR/6w==
  
  "@citizenfx/server@^2.0.6063-1":
    version "2.0.6063-1"
    resolved "https://registry.npmjs.org/@citizenfx/server/-/server-2.0.6063-1.tgz"
    integrity sha512-nirVP4Q2axhmEltlfyQbGs1t3WIW0Gkbd3aw54aXSEarlhFH9Ig/rVqzSgikrcU7oGpSTt7wpirW3nOdl+bolA==
  
  "@types/node@^16.18.3":
    version "16.18.3"
    resolved "https://registry.npmjs.org/@types/node/-/node-16.18.3.tgz"
    integrity sha512-jh6m0QUhIRcZpNv7Z/rpN+ZWXOicUUQbSoWks7Htkbb9IjFQj4kzcX/xFCkjstCj5flMsN8FiSvt+q+Tcs4Llg==
  
  balanced-match@^1.0.0:
    version "1.0.2"
    resolved "https://registry.npmjs.org/balanced-match/-/balanced-match-1.0.2.tgz"
    integrity sha512-3oSeUO0TMV67hN1AmbXsK4yaqU7tjiHlbxRDZOpH0KW9+CeX4bRAaX0Anxt0tx2MrpRpWwQaPwIlISEJhYU5Pw==
  
  brace-expansion@^1.1.7:
    version "1.1.11"
    resolved "https://registry.npmjs.org/brace-expansion/-/brace-expansion-1.1.11.tgz"
    integrity sha512-iCuPHDFgrHX7H2vEI/5xpz07zSHB00TpugqhmYtVmMO6518mCuRMoOYFldEBl0g187ufozdaHgWKcYFb61qGiA==
    dependencies:
      balanced-match "^1.0.0"
      concat-map "0.0.1"
  
  concat-map@0.0.1:
    version "0.0.1"
    resolved "https://registry.npmjs.org/concat-map/-/concat-map-0.0.1.tgz"
    integrity sha512-/Srv4dswyQNBfohGpz9o6Yb3Gz3SrUDqBH5rTuhGR7ahtlbYKnVxw2bCFMRljaA7EXHaXZ8wsHdodFvbkhKmqg==
  
  cross-env@^7.0.3:
    version "7.0.3"
    resolved "https://registry.npmjs.org/cross-env/-/cross-env-7.0.3.tgz"
    integrity sha512-+/HKd6EgcQCJGh2PSjZuUitQBQynKor4wrFbRg4DtAgS1aWO+gU52xpH7M9ScGgXSYmAVS9bIJ8EzuaGw0oNAw==
    dependencies:
      cross-spawn "^7.0.1"
  
  cross-spawn@^7.0.1:
    version "7.0.3"
    resolved "https://registry.npmjs.org/cross-spawn/-/cross-spawn-7.0.3.tgz"
    integrity sha512-iRDPJKUPVEND7dHPO8rkbOnPpyDygcDFtWjpeWNCgy8WP2rXcxXL8TskReQl6OrB2G7+UJrags1q15Fudc7G6w==
    dependencies:
      path-key "^3.1.0"
      shebang-command "^2.0.0"
      which "^2.0.1"
  
  esbuild-windows-64@0.15.15:
    version "0.15.15"
    resolved "https://registry.npmjs.org/esbuild-windows-64/-/esbuild-windows-64-0.15.15.tgz"
    integrity sha512-xaAUIB2qllE888SsMU3j9nrqyLbkqqkpQyWVkfwSil6BBPgcPk3zOFitTTncEKCLTQy3XV9RuH7PDj3aJDljWA==
  
  esbuild@^0.15.15:
    version "0.15.15"
    resolved "https://registry.npmjs.org/esbuild/-/esbuild-0.15.15.tgz"
    integrity sha512-TEw/lwK4Zzld9x3FedV6jy8onOUHqcEX3ADFk4k+gzPUwrxn8nWV62tH0udo8jOtjFodlEfc4ypsqX3e+WWO6w==
    optionalDependencies:
      "@esbuild/android-arm" "0.15.15"
      "@esbuild/linux-loong64" "0.15.15"
      esbuild-android-64 "0.15.15"
      esbuild-android-arm64 "0.15.15"
      esbuild-darwin-64 "0.15.15"
      esbuild-darwin-arm64 "0.15.15"
      esbuild-freebsd-64 "0.15.15"
      esbuild-freebsd-arm64 "0.15.15"
      esbuild-linux-32 "0.15.15"
      esbuild-linux-64 "0.15.15"
      esbuild-linux-arm "0.15.15"
      esbuild-linux-arm64 "0.15.15"
      esbuild-linux-mips64le "0.15.15"
      esbuild-linux-ppc64le "0.15.15"
      esbuild-linux-riscv64 "0.15.15"
      esbuild-linux-s390x "0.15.15"
      esbuild-netbsd-64 "0.15.15"
      esbuild-openbsd-64 "0.15.15"
      esbuild-sunos-64 "0.15.15"
      esbuild-windows-32 "0.15.15"
      esbuild-windows-64 "0.15.15"
      esbuild-windows-arm64 "0.15.15"
  
  fs.realpath@^1.0.0:
    version "1.0.0"
    resolved "https://registry.npmjs.org/fs.realpath/-/fs.realpath-1.0.0.tgz"
    integrity sha512-OO0pH2lK6a0hZnAdau5ItzHPI6pUlvI7jMVnxUQRtw4owF2wk8lOSabtGDCTP4Ggrg2MbGnWO9X8K1t4+fGMDw==
  
  glob@^7.1.3:
    version "7.2.3"
    resolved "https://registry.npmjs.org/glob/-/glob-7.2.3.tgz"
    integrity sha512-nFR0zLpU2YCaRxwoCJvL6UvCH2JFyFVIvwTLsIf21AuHlMskA1hhTdk+LlYJtOlYt9v6dvszD2BGRqBL+iQK9Q==
    dependencies:
      fs.realpath "^1.0.0"
      inflight "^1.0.4"
      inherits "2"
      minimatch "^3.1.1"
      once "^1.3.0"
      path-is-absolute "^1.0.0"
  
  inflight@^1.0.4:
    version "1.0.6"
    resolved "https://registry.npmjs.org/inflight/-/inflight-1.0.6.tgz"
    integrity sha512-k92I/b08q4wvFscXCLvqfsHCrjrF7yiXsQuIVvVE7N82W3+aqpzuUdBbfhWcy/FZR3/4IgflMgKLOsvPDrGCJA==
    dependencies:
      once "^1.3.0"
      wrappy "1"
  
  inherits@2:
    version "2.0.4"
    resolved "https://registry.npmjs.org/inherits/-/inherits-2.0.4.tgz"
    integrity sha512-k/vGaX4/Yla3WzyMCvTQOXYeIHvqOKtnqBduzTHpzpQZzAskKMhZ2K+EnBiSM9zGSoIFeMpXKxa4dYeZIQqewQ==
  
  isexe@^2.0.0:
    version "2.0.0"
    resolved "https://registry.npmjs.org/isexe/-/isexe-2.0.0.tgz"
    integrity sha512-RHxMLp9lnKHGHRng9QFhRCMbYAcVpn69smSGcq3f36xjgVVWThj4qqLbTLlq7Ssj8B+fIQ1EuCEGI2lKsyQeIw==
  
  minimatch@^3.1.1:
    version "3.1.2"
    resolved "https://registry.npmjs.org/minimatch/-/minimatch-3.1.2.tgz"
    integrity sha512-J7p63hRiAjw1NDEww1W7i37+ByIrOWO5XQQAzZ3VOcL0PNybwpfmV/N05zFAzwQ9USyEcX6t3UO+K5aqBQOIHw==
    dependencies:
      brace-expansion "^1.1.7"
  
  once@^1.3.0:
    version "1.4.0"
    resolved "https://registry.npmjs.org/once/-/once-1.4.0.tgz"
    integrity sha512-lNaJgI+2Q5URQBkccEKHTQOPaXdUxnZZElQTZY0MFUAuaEqe1E+Nyvgdz/aIyNi6Z9MzO5dv1H8n58/GELp3+w==
    dependencies:
      wrappy "1"
  
  path-is-absolute@^1.0.0:
    version "1.0.1"
    resolved "https://registry.npmjs.org/path-is-absolute/-/path-is-absolute-1.0.1.tgz"
    integrity sha512-AVbw3UJ2e9bq64vSaS9Am0fje1Pa8pbGqTTsmXfaIiMpnr5DlDhfJOuLj9Sf95ZPVDAUerDfEk88MPmPe7UCQg==
  
  path-key@^3.1.0:
    version "3.1.1"
    resolved "https://registry.npmjs.org/path-key/-/path-key-3.1.1.tgz"
    integrity sha512-ojmeN0qd+y0jszEtoY48r0Peq5dwMEkIlCOu6Q5f41lfkswXuKtYrhgoTpLnyIcHm24Uhqx+5Tqm2InSwLhE6Q==
  
  rimraf@^3.0.2:
    version "3.0.2"
    resolved "https://registry.npmjs.org/rimraf/-/rimraf-3.0.2.tgz"
    integrity sha512-JZkJMZkAGFFPP2YqXZXPbMlMBgsxzE8ILs4lMIX/2o0L9UBw9O/Y3o6wFw/i9YLapcUJWwqbi3kdxIPdC62TIA==
    dependencies:
      glob "^7.1.3"
  
  shebang-command@^2.0.0:
    version "2.0.0"
    resolved "https://registry.npmjs.org/shebang-command/-/shebang-command-2.0.0.tgz"
    integrity sha512-kHxr2zZpYtdmrN1qDjrrX/Z1rR1kG8Dx+gkpK1G4eXmvXswmcE1hTWBWYUzlraYw1/yZp6YuDY77YtvbN0dmDA==
    dependencies:
      shebang-regex "^3.0.0"
  
  shebang-regex@^3.0.0:
    version "3.0.0"
    resolved "https://registry.npmjs.org/shebang-regex/-/shebang-regex-3.0.0.tgz"
    integrity sha512-7++dFhtcx3353uBaq8DDR4NuxBetBzC7ZQOhmTQInHEd6bSrXdiEyzCvG07Z44UYdLShWUyXt5M/yhz8ekcb1A==
  
  typescript@^4.9.3:
    version "4.9.3"
    resolved "https://registry.npmjs.org/typescript/-/typescript-4.9.3.tgz"
    integrity sha512-CIfGzTelbKNEnLpLdGFgdyKhG23CKdKgQPOBc+OUNrkJ2vr+KSzsSV5kq5iWhEQbok+quxgGzrAtGWCyU7tHnA==
  
  which@^2.0.1:
    version "2.0.2"
    resolved "https://registry.npmjs.org/which/-/which-2.0.2.tgz"
    integrity sha512-BLI3Tl1TW3Pvl70l3yq3Y64i+awpwXqsGBYWkkqMtnbXgrMD+yj7rhW0kuEDxzJaYXGjEW5ogapKNMEKNMjibA==
    dependencies:
      isexe "^2.0.0"
  
  wrappy@1:
    version "1.0.2"
    resolved "https://registry.npmjs.org/wrappy/-/wrappy-1.0.2.tgz"
    integrity sha512-l4Sp/DRseor9wL6EvV2+TuQn63dMkPjZ/sp9XkghTEbV9KlPS1xUsZ3u7/IQO4wxtcFB4bgpQPRcR3QCvezPcQ==
